<?xml version="1.0" encoding="UTF-8"?>
<!-- Generated by org.testng.reporters.JUnitReportReporter -->
<testsuite name="TestCases.TestSuite1" tests="4" time="46.581" ignored="0" failures="0" timestamp="24 Jun 2020 05:54:13 GMT" skipped="0" hostname="AJAY-PC" errors="0">
  <testcase name="testScreenRotation" time="0.262" classname="TestCases.TestSuite1"/>
  <testcase name="validateLoginPage" time="6.391" classname="TestCases.TestSuite1"/>
  <testcase name="validateSearchResultInSearchPage" time="15.905" classname="TestCases.TestSuite1"/>
  <testcase name="addToCart" time="24.023" classname="TestCases.TestSuite1"/>
</testsuite> <!-- TestCases.TestSuite1 -->
